Using pre-set license
Built from '2020.3/staging' branch; Version is '2020.3.17f1 (a4537701e4ab) revision 10769271'; Using compiler version '192528614'; Build Type 'Release'
OS: 'Windows 10 Pro; OS build 19045.4529; Version 2009; 64bit' Language: 'ko' Physical Memory: 32665 MB
BatchMode: 1, IsHumanControllingUs: 0, StartBugReporterOnCrash: 0, Is64bit: 1, IsPro: 0

COMMAND LINE ARGUMENTS:
C:\Program Files\Unity\Hub\Editor\2020.3.17f1\Editor\Unity.exe
-adb2
-batchMode
-noUpm
-name
AssetImportWorker0
-projectPath
C:/Users/sbs/Desktop/김창범/unity/2D/2D_02
-logFile
Logs/AssetImportWorker0.log
-srvPort
52310
Successfully changed project path to: C:/Users/sbs/Desktop/김창범/unity/2D/2D_02
C:/Users/sbs/Desktop/김창범/unity/2D/2D_02
Using Asset Import Pipeline V2.
Refreshing native plugins compatible for Editor in 35.36 ms, found 3 plugins.
Preloading 0 native plugins for Editor in 0.00 ms.
Initialize engine version: 2020.3.17f1 (a4537701e4ab)
[Subsystems] Discovering subsystems at path C:/Program Files/Unity/Hub/Editor/2020.3.17f1/Editor/Data/Resources/UnitySubsystems
[Subsystems] Discovering subsystems at path C:/Users/sbs/Desktop/김창범/unity/2D/2D_02/Assets
GfxDevice: creating device client; threaded=0
Direct3D:
    Version:  Direct3D 11.0 [level 11.1]
    Renderer: NVIDIA GeForce GTX 1660 SUPER (ID=0x21c4)
    Vendor:   
    VRAM:     5991 MB
    Driver:   27.21.14.5751
Initialize mono
Mono path[0] = 'C:/Program Files/Unity/Hub/Editor/2020.3.17f1/Editor/Data/Managed'
Mono path[1] = 'C:/Program Files/Unity/Hub/Editor/2020.3.17f1/Editor/Data/MonoBleedingEdge/lib/mono/unityjit'
Mono config path = 'C:/Program Files/Unity/Hub/Editor/2020.3.17f1/Editor/Data/MonoBleedingEdge/etc'
Using monoOptions --debugger-agent=transport=dt_socket,embedding=1,server=y,suspend=n,address=127.0.0.1:56860
Begin MonoManager ReloadAssembly
Registering precompiled unity dll's ...
Register platform support module: C:/Program Files/Unity/Hub/Editor/2020.3.17f1/Editor/Data/PlaybackEngines/WindowsStandaloneSupport/UnityEditor.WindowsStandalone.Extensions.dll
Registered in 0.001368 seconds.
Native extension for WindowsStandalone target not found
Refreshing native plugins compatible for Editor in 35.04 ms, found 3 plugins.
Preloading 0 native plugins for Editor in 0.00 ms.
Mono: successfully reloaded assembly
- Completed reload, in  0.795 seconds
Domain Reload Profiling:
	ReloadAssembly (795ms)
		BeginReloadAssembly (41ms)
			ExecutionOrderSort (0ms)
			DisableScriptedObjects (0ms)
			BackupInstance (0ms)
			ReleaseScriptingObjects (0ms)
			CreateAndSetChildDomain (1ms)
		EndReloadAssembly (336ms)
			LoadAssemblies (40ms)
			RebuildTransferFunctionScriptingTraits (0ms)
			SetupTypeCache (123ms)
			ReleaseScriptCaches (0ms)
			RebuildScriptCaches (25ms)
			SetupLoadedEditorAssemblies (135ms)
				LogAssemblyErrors (0ms)
				InitializePlatformSupportModulesInManaged (3ms)
				SetLoadedEditorAssemblies (0ms)
				RefreshPlugins (35ms)
				BeforeProcessingInitializeOnLoad (7ms)
				ProcessInitializeOnLoadAttributes (65ms)
				ProcessInitializeOnLoadMethodAttributes (24ms)
				AfterProcessingInitializeOnLoad (0ms)
				EditorAssembliesLoaded (0ms)
			ExecutionOrderSort2 (0ms)
			AwakeInstancesAfterBackupRestoration (0ms)
Platform modules already initialized, skipping
Registering precompiled user dll's ...
Registered in 0.002907 seconds.
Begin MonoManager ReloadAssembly
Native extension for WindowsStandalone target not found
Refreshing native plugins compatible for Editor in 37.87 ms, found 3 plugins.
Preloading 0 native plugins for Editor in 0.00 ms.
Mono: successfully reloaded assembly
- Completed reload, in  1.059 seconds
Domain Reload Profiling:
	ReloadAssembly (1059ms)
		BeginReloadAssembly (122ms)
			ExecutionOrderSort (0ms)
			DisableScriptedObjects (4ms)
			BackupInstance (0ms)
			ReleaseScriptingObjects (0ms)
			CreateAndSetChildDomain (17ms)
		EndReloadAssembly (882ms)
			LoadAssemblies (80ms)
			RebuildTransferFunctionScriptingTraits (0ms)
			SetupTypeCache (263ms)
			ReleaseScriptCaches (0ms)
			RebuildScriptCaches (57ms)
			SetupLoadedEditorAssemblies (364ms)
				LogAssemblyErrors (0ms)
				InitializePlatformSupportModulesInManaged (3ms)
				SetLoadedEditorAssemblies (0ms)
				RefreshPlugins (38ms)
				BeforeProcessingInitializeOnLoad (55ms)
				ProcessInitializeOnLoadAttributes (251ms)
				ProcessInitializeOnLoadMethodAttributes (12ms)
				AfterProcessingInitializeOnLoad (4ms)
				EditorAssembliesLoaded (0ms)
			ExecutionOrderSort2 (0ms)
			AwakeInstancesAfterBackupRestoration (6ms)
Platform modules already initialized, skipping
========================================================================
Worker process is ready to serve import requests
Launched and connected shader compiler UnityShaderCompiler.exe after 0.03 seconds
Refreshing native plugins compatible for Editor in 0.85 ms, found 3 plugins.
Preloading 0 native plugins for Editor in 0.00 ms.
Unloading 2091 Unused Serialized files (Serialized files now loaded: 0)
System memory in use before: 93.0 MB.
System memory in use after: 93.1 MB.

Unloading 28 unused Assets to reduce memory usage. Loaded Objects now: 2528.
Total: 2.931100 ms (FindLiveObjects: 0.195100 ms CreateObjectMapping: 0.078300 ms MarkObjects: 2.590900 ms  DeleteObjects: 0.065900 ms)

AssetImportParameters requested are different than current active one (requested -> active):
  custom:framework-win-MediaFoundation: 216162199b28c13a410421893ffa2e32 -> 
  custom:video-decoder-ogg-theora: a1e56fd34408186e4bbccfd4996cb3dc -> 
  custom:container-muxer-webm: aa71ff27fc2769a1b78a27578f13a17b -> 
  custom:container-demuxer-webm: 4f35f7cbe854078d1ac9338744f61a02 -> 
  custom:container-demuxer-ogg: 62fdf1f143b41e24485cea50d1cbac27 -> 
  custom:video-encoder-webm-vp8: eb34c28f22e8b96e1ab97ce403110664 -> 
  custom:video-decoder-webm-vp8: 9c59270c3fd7afecdb556c50c9e8de78 -> 
  custom:audio-decoder-ogg-vorbis: bf7c407c2cedff20999df2af8eb42d56 -> 
  custom:audio-encoder-webm-vorbis: bf7c407c2cedff20999df2af8eb42d56 -> 
========================================================================
Received Import Request.
  path: Assets
  artifactKey: Guid(00000000000000001000000000000000) Importer(815301076,1909f56bfc062723c751e8b465ee728b)
Start importing Assets using Guid(00000000000000001000000000000000) Importer(815301076,1909f56bfc062723c751e8b465ee728b)  -> (artifact id: '42d402b061de3733987d63b9cc3b64de') in 0.013844 seconds 
  Import took 0.016913 seconds .

========================================================================
Received Import Request.
  Time since last request: 1.150678 seconds.
  path: Assets/Resources
  artifactKey: Guid(1af4f17d1528e0d49aaf247506c91f10) Importer(815301076,1909f56bfc062723c751e8b465ee728b)
Start importing Assets/Resources using Guid(1af4f17d1528e0d49aaf247506c91f10) Importer(815301076,1909f56bfc062723c751e8b465ee728b)  -> (artifact id: '231f97201cff027ff95cc2b6a78bbf4f') in 0.007221 seconds 
  Import took 0.012127 seconds .

========================================================================
Received Import Request.
  Time since last request: 9.649930 seconds.
  path: Assets/Resources/enemy1.png
  artifactKey: Guid(7ea5d78bf0f3b424d894dde220682f41) Importer(815301076,1909f56bfc062723c751e8b465ee728b)
Start importing Assets/Resources/enemy1.png using Guid(7ea5d78bf0f3b424d894dde220682f41) Importer(815301076,1909f56bfc062723c751e8b465ee728b)  -> (artifact id: 'e20afe711057cb6dfe40c26c4a86ea62') in 0.130385 seconds 
  Import took 0.133530 seconds .

========================================================================
Received Import Request.
  Time since last request: 0.000134 seconds.
  path: Assets/Resources/Explosion.png
  artifactKey: Guid(a7bce922b66643c42bbd23d1af4b04de) Importer(815301076,1909f56bfc062723c751e8b465ee728b)
Start importing Assets/Resources/Explosion.png using Guid(a7bce922b66643c42bbd23d1af4b04de) Importer(815301076,1909f56bfc062723c751e8b465ee728b)  -> (artifact id: 'aecf6657fcd65cff7e57292570720ea6') in 0.022472 seconds 
  Import took 0.025280 seconds .

========================================================================
Received Import Request.
  Time since last request: 0.000124 seconds.
  path: Assets/Resources/Player.png
  artifactKey: Guid(d4ca8aa3ce0be804d9048eafdbffb559) Importer(815301076,1909f56bfc062723c751e8b465ee728b)
Start importing Assets/Resources/Player.png using Guid(d4ca8aa3ce0be804d9048eafdbffb559) Importer(815301076,1909f56bfc062723c751e8b465ee728b)  -> (artifact id: 'bfe031b548127dce82451a973c8eed52') in 0.013106 seconds 
  Import took 0.016253 seconds .

========================================================================
Received Import Request.
  Time since last request: 0.000196 seconds.
  path: Assets/Resources/laserRed.png
  artifactKey: Guid(321feb358dd414649b9cffc8070437a3) Importer(815301076,1909f56bfc062723c751e8b465ee728b)
Start importing Assets/Resources/laserRed.png using Guid(321feb358dd414649b9cffc8070437a3) Importer(815301076,1909f56bfc062723c751e8b465ee728b)  -> (artifact id: 'b752a84cb9fff01165f0639638b1af9e') in 0.022581 seconds 
  Import took 0.026239 seconds .

========================================================================
Received Import Request.
  Time since last request: 0.000119 seconds.
  path: Assets/Resources/meteorBig.png
  artifactKey: Guid(3e8386e2db061ce418913995c1b2101a) Importer(815301076,1909f56bfc062723c751e8b465ee728b)
Start importing Assets/Resources/meteorBig.png using Guid(3e8386e2db061ce418913995c1b2101a) Importer(815301076,1909f56bfc062723c751e8b465ee728b)  -> (artifact id: '2808688867f083c8b04c1ff69281d9ce') in 0.020027 seconds 
  Import took 0.022697 seconds .

========================================================================
Received Import Request.
  Time since last request: 0.000151 seconds.
  path: Assets/Resources/rect.png
  artifactKey: Guid(6ddeca46775f8bb488c2a6522bc00040) Importer(815301076,1909f56bfc062723c751e8b465ee728b)
Start importing Assets/Resources/rect.png using Guid(6ddeca46775f8bb488c2a6522bc00040) Importer(815301076,1909f56bfc062723c751e8b465ee728b)  -> (artifact id: 'd272d6bf28558cb19518670d6a30a3fd') in 0.014882 seconds 
  Import took 0.017788 seconds .

========================================================================
Received Import Request.
  Time since last request: 7.063028 seconds.
  path: Assets/Resources/main.png
  artifactKey: Guid(de5240b8af748a54cbb5c3d6d2c3bca2) Importer(815301076,1909f56bfc062723c751e8b465ee728b)
Start importing Assets/Resources/main.png using Guid(de5240b8af748a54cbb5c3d6d2c3bca2) Importer(815301076,1909f56bfc062723c751e8b465ee728b)  -> (artifact id: 'e7408279a3b550cb9f800a591dfd34b5') in 0.026248 seconds 
  Import took 0.032049 seconds .

========================================================================
Received Import Request.
  Time since last request: 62.888424 seconds.
  path: Assets/Resources/Game
  artifactKey: Guid(731fc57fafbeb534f9e2feed3d823742) Importer(815301076,1909f56bfc062723c751e8b465ee728b)
Start importing Assets/Resources/Game using Guid(731fc57fafbeb534f9e2feed3d823742) Importer(815301076,1909f56bfc062723c751e8b465ee728b)  -> (artifact id: '7a38e5de6c177583ae077fc2b0406d3a') in 0.007518 seconds 
  Import took 0.012613 seconds .

========================================================================
Received Import Request.
  Time since last request: 5.962444 seconds.
  path: Assets/Resources/main
  artifactKey: Guid(d707c2bf4c2ceab4ab922e18ee4ad3f9) Importer(815301076,1909f56bfc062723c751e8b465ee728b)
Start importing Assets/Resources/main using Guid(d707c2bf4c2ceab4ab922e18ee4ad3f9) Importer(815301076,1909f56bfc062723c751e8b465ee728b)  -> (artifact id: 'ba1ffb5fb8279eb7714d36ce280cc2f6') in 0.002014 seconds 
  Import took 0.005160 seconds .

========================================================================
Received Import Request.
  Time since last request: 183.844628 seconds.
  path: Assets/Scenes/SampleScene.unity
  artifactKey: Guid(2cda990e2423bbf4892e6590ba056729) Importer(815301076,1909f56bfc062723c751e8b465ee728b)
Start importing Assets/Scenes/SampleScene.unity using Guid(2cda990e2423bbf4892e6590ba056729) Importer(815301076,1909f56bfc062723c751e8b465ee728b)  -> (artifact id: '249e5adf2e27544c166ac91c39e379cb') in 0.008986 seconds 
  Import took 0.012675 seconds .

========================================================================
Received Import Request.
  Time since last request: 25.246323 seconds.
  path: Assets/Scenes/GameScene.unity
  artifactKey: Guid(2cda990e2423bbf4892e6590ba056729) Importer(815301076,1909f56bfc062723c751e8b465ee728b)
Start importing Assets/Scenes/GameScene.unity using Guid(2cda990e2423bbf4892e6590ba056729) Importer(815301076,1909f56bfc062723c751e8b465ee728b)  -> (artifact id: 'da9701a3541823b95ba8e332f85f3e65') in 0.008030 seconds 
  Import took 0.011175 seconds .

========================================================================
Received Import Request.
  Time since last request: 136.166433 seconds.
  path: Assets/Script
  artifactKey: Guid(2350d4c4da60a48488aca6b76394f696) Importer(815301076,1909f56bfc062723c751e8b465ee728b)
Start importing Assets/Script using Guid(2350d4c4da60a48488aca6b76394f696) Importer(815301076,1909f56bfc062723c751e8b465ee728b)  -> (artifact id: '96456c39753cecfaf34e316570e2dd0e') in 0.007238 seconds 
  Import took 0.010372 seconds .

========================================================================
Received Import Request.
  Time since last request: 4.364949 seconds.
  path: Assets/Scripts
  artifactKey: Guid(2350d4c4da60a48488aca6b76394f696) Importer(815301076,1909f56bfc062723c751e8b465ee728b)
Start importing Assets/Scripts using Guid(2350d4c4da60a48488aca6b76394f696) Importer(815301076,1909f56bfc062723c751e8b465ee728b)  -> (artifact id: 'd448923f48138db5858382be3670af2f') in 0.007956 seconds 
  Import took 0.011204 seconds .

========================================================================
Received Import Request.
  Time since last request: 54.678532 seconds.
  path: Assets/Scripts/Interface.cs
  artifactKey: Guid(7c82cb3da6ecfe448bc8473da1b5aaf3) Importer(815301076,1909f56bfc062723c751e8b465ee728b)
Start importing Assets/Scripts/Interface.cs using Guid(7c82cb3da6ecfe448bc8473da1b5aaf3) Importer(815301076,1909f56bfc062723c751e8b465ee728b)  -> (artifact id: '35feec8be55c36228bd4a0f78da34e44') in 0.052970 seconds 
  Import took 0.056135 seconds .

========================================================================
Received Prepare
Registering precompiled user dll's ...
Registered in 0.002750 seconds.
Begin MonoManager ReloadAssembly
Native extension for WindowsStandalone target not found
Refreshing native plugins compatible for Editor in 0.57 ms, found 3 plugins.
Preloading 0 native plugins for Editor in 0.00 ms.
Mono: successfully reloaded assembly
- Completed reload, in  0.902 seconds
Domain Reload Profiling:
	ReloadAssembly (902ms)
		BeginReloadAssembly (109ms)
			ExecutionOrderSort (0ms)
			DisableScriptedObjects (6ms)
			BackupInstance (0ms)
			ReleaseScriptingObjects (0ms)
			CreateAndSetChildDomain (35ms)
		EndReloadAssembly (744ms)
			LoadAssemblies (71ms)
			RebuildTransferFunctionScriptingTraits (0ms)
			SetupTypeCache (259ms)
			ReleaseScriptCaches (1ms)
			RebuildScriptCaches (34ms)
			SetupLoadedEditorAssemblies (292ms)
				LogAssemblyErrors (0ms)
				InitializePlatformSupportModulesInManaged (5ms)
				SetLoadedEditorAssemblies (0ms)
				RefreshPlugins (1ms)
				BeforeProcessingInitializeOnLoad (49ms)
				ProcessInitializeOnLoadAttributes (228ms)
				ProcessInitializeOnLoadMethodAttributes (5ms)
				AfterProcessingInitializeOnLoad (5ms)
				EditorAssembliesLoaded (0ms)
			ExecutionOrderSort2 (0ms)
			AwakeInstancesAfterBackupRestoration (9ms)
Platform modules already initialized, skipping
Refreshing native plugins compatible for Editor in 0.43 ms, found 3 plugins.
Preloading 0 native plugins for Editor in 0.00 ms.
Unloading 2081 Unused Serialized files (Serialized files now loaded: 0)
System memory in use before: 95.5 MB.
System memory in use after: 95.6 MB.

Unloading 16 unused Assets to reduce memory usage. Loaded Objects now: 2549.
Total: 2.600800 ms (FindLiveObjects: 0.214100 ms CreateObjectMapping: 0.088700 ms MarkObjects: 2.281200 ms  DeleteObjects: 0.015900 ms)

AssetImportParameters requested are different than current active one (requested -> active):
  custom:framework-win-MediaFoundation: 216162199b28c13a410421893ffa2e32 -> 
  custom:video-decoder-ogg-theora: a1e56fd34408186e4bbccfd4996cb3dc -> 
  custom:container-muxer-webm: aa71ff27fc2769a1b78a27578f13a17b -> 
  custom:container-demuxer-webm: 4f35f7cbe854078d1ac9338744f61a02 -> 
  custom:container-demuxer-ogg: 62fdf1f143b41e24485cea50d1cbac27 -> 
  custom:video-encoder-webm-vp8: eb34c28f22e8b96e1ab97ce403110664 -> 
  custom:video-decoder-webm-vp8: 9c59270c3fd7afecdb556c50c9e8de78 -> 
  custom:audio-decoder-ogg-vorbis: bf7c407c2cedff20999df2af8eb42d56 -> 
  custom:audio-encoder-webm-vorbis: bf7c407c2cedff20999df2af8eb42d56 -> 
========================================================================
Received Import Request.
  Time since last request: 12.451874 seconds.
  path: Assets/Scripts/CharacterBase
  artifactKey: Guid(b741b8dbfc9a29f4383280a3aca2428d) Importer(815301076,1909f56bfc062723c751e8b465ee728b)
Start importing Assets/Scripts/CharacterBase using Guid(b741b8dbfc9a29f4383280a3aca2428d) Importer(815301076,1909f56bfc062723c751e8b465ee728b)  -> (artifact id: 'a94a4f58df4e7c738bf290eaebc10f53') in 0.010405 seconds 
  Import took 0.013356 seconds .

========================================================================
Received Import Request.
  Time since last request: 0.000350 seconds.
  path: Assets/Scripts/CharacterBase
  artifactKey: Guid(b741b8dbfc9a29f4383280a3aca2428d) Importer(815301076,1909f56bfc062723c751e8b465ee728b)
Start importing Assets/Scripts/CharacterBase using Guid(b741b8dbfc9a29f4383280a3aca2428d) Importer(815301076,1909f56bfc062723c751e8b465ee728b)  -> (artifact id: 'a94a4f58df4e7c738bf290eaebc10f53') in 0.001826 seconds 
  Import took 0.004643 seconds .

========================================================================
Received Import Request.
  Time since last request: 7.278383 seconds.
  path: Assets/Scripts/CharacterBase/Character.cs
  artifactKey: Guid(4a314123eb802c042bc16d1eead2395b) Importer(815301076,1909f56bfc062723c751e8b465ee728b)
Start importing Assets/Scripts/CharacterBase/Character.cs using Guid(4a314123eb802c042bc16d1eead2395b) Importer(815301076,1909f56bfc062723c751e8b465ee728b)  -> (artifact id: 'a70180abcb1012d5dd33f7dde3f22035') in 0.009015 seconds 
  Import took 0.012211 seconds .

========================================================================
Received Prepare
Registering precompiled user dll's ...
Registered in 0.002756 seconds.
Begin MonoManager ReloadAssembly
Native extension for WindowsStandalone target not found
Refreshing native plugins compatible for Editor in 0.44 ms, found 3 plugins.
Preloading 0 native plugins for Editor in 0.00 ms.
Mono: successfully reloaded assembly
- Completed reload, in  0.888 seconds
Domain Reload Profiling:
	ReloadAssembly (888ms)
		BeginReloadAssembly (98ms)
			ExecutionOrderSort (0ms)
			DisableScriptedObjects (5ms)
			BackupInstance (0ms)
			ReleaseScriptingObjects (0ms)
			CreateAndSetChildDomain (31ms)
		EndReloadAssembly (740ms)
			LoadAssemblies (71ms)
			RebuildTransferFunctionScriptingTraits (0ms)
			SetupTypeCache (256ms)
			ReleaseScriptCaches (1ms)
			RebuildScriptCaches (34ms)
			SetupLoadedEditorAssemblies (293ms)
				LogAssemblyErrors (0ms)
				InitializePlatformSupportModulesInManaged (4ms)
				SetLoadedEditorAssemblies (0ms)
				RefreshPlugins (0ms)
				BeforeProcessingInitializeOnLoad (49ms)
				ProcessInitializeOnLoadAttributes (230ms)
				ProcessInitializeOnLoadMethodAttributes (5ms)
				AfterProcessingInitializeOnLoad (5ms)
				EditorAssembliesLoaded (0ms)
			ExecutionOrderSort2 (0ms)
			AwakeInstancesAfterBackupRestoration (8ms)
Platform modules already initialized, skipping
Refreshing native plugins compatible for Editor in 0.50 ms, found 3 plugins.
Preloading 0 native plugins for Editor in 0.00 ms.
Unloading 2082 Unused Serialized files (Serialized files now loaded: 0)
System memory in use before: 95.5 MB.
System memory in use after: 95.6 MB.

Unloading 16 unused Assets to reduce memory usage. Loaded Objects now: 2553.
Total: 2.413000 ms (FindLiveObjects: 0.179100 ms CreateObjectMapping: 0.075400 ms MarkObjects: 2.145100 ms  DeleteObjects: 0.012600 ms)

AssetImportParameters requested are different than current active one (requested -> active):
  custom:framework-win-MediaFoundation: 216162199b28c13a410421893ffa2e32 -> 
  custom:video-decoder-ogg-theora: a1e56fd34408186e4bbccfd4996cb3dc -> 
  custom:container-muxer-webm: aa71ff27fc2769a1b78a27578f13a17b -> 
  custom:container-demuxer-webm: 4f35f7cbe854078d1ac9338744f61a02 -> 
  custom:container-demuxer-ogg: 62fdf1f143b41e24485cea50d1cbac27 -> 
  custom:video-encoder-webm-vp8: eb34c28f22e8b96e1ab97ce403110664 -> 
  custom:video-decoder-webm-vp8: 9c59270c3fd7afecdb556c50c9e8de78 -> 
  custom:audio-decoder-ogg-vorbis: bf7c407c2cedff20999df2af8eb42d56 -> 
  custom:audio-encoder-webm-vorbis: bf7c407c2cedff20999df2af8eb42d56 -> 
========================================================================
Received Prepare
Registering precompiled user dll's ...
Registered in 0.002806 seconds.
Begin MonoManager ReloadAssembly
Native extension for WindowsStandalone target not found
Refreshing native plugins compatible for Editor in 0.44 ms, found 3 plugins.
Preloading 0 native plugins for Editor in 0.00 ms.
Mono: successfully reloaded assembly
- Completed reload, in  0.871 seconds
Domain Reload Profiling:
	ReloadAssembly (871ms)
		BeginReloadAssembly (93ms)
			ExecutionOrderSort (0ms)
			DisableScriptedObjects (5ms)
			BackupInstance (0ms)
			ReleaseScriptingObjects (0ms)
			CreateAndSetChildDomain (31ms)
		EndReloadAssembly (727ms)
			LoadAssemblies (69ms)
			RebuildTransferFunctionScriptingTraits (0ms)
			SetupTypeCache (242ms)
			ReleaseScriptCaches (1ms)
			RebuildScriptCaches (40ms)
			SetupLoadedEditorAssemblies (290ms)
				LogAssemblyErrors (0ms)
				InitializePlatformSupportModulesInManaged (4ms)
				SetLoadedEditorAssemblies (0ms)
				RefreshPlugins (0ms)
				BeforeProcessingInitializeOnLoad (50ms)
				ProcessInitializeOnLoadAttributes (226ms)
				ProcessInitializeOnLoadMethodAttributes (5ms)
				AfterProcessingInitializeOnLoad (4ms)
				EditorAssembliesLoaded (0ms)
			ExecutionOrderSort2 (0ms)
			AwakeInstancesAfterBackupRestoration (9ms)
Platform modules already initialized, skipping
Refreshing native plugins compatible for Editor in 2.16 ms, found 3 plugins.
Preloading 0 native plugins for Editor in 0.00 ms.
Unloading 2082 Unused Serialized files (Serialized files now loaded: 0)
System memory in use before: 95.6 MB.
System memory in use after: 95.7 MB.

Unloading 16 unused Assets to reduce memory usage. Loaded Objects now: 2556.
Total: 2.513700 ms (FindLiveObjects: 0.216500 ms CreateObjectMapping: 0.075300 ms MarkObjects: 2.207700 ms  DeleteObjects: 0.013200 ms)

AssetImportParameters requested are different than current active one (requested -> active):
  custom:framework-win-MediaFoundation: 216162199b28c13a410421893ffa2e32 -> 
  custom:video-decoder-ogg-theora: a1e56fd34408186e4bbccfd4996cb3dc -> 
  custom:container-muxer-webm: aa71ff27fc2769a1b78a27578f13a17b -> 
  custom:container-demuxer-webm: 4f35f7cbe854078d1ac9338744f61a02 -> 
  custom:container-demuxer-ogg: 62fdf1f143b41e24485cea50d1cbac27 -> 
  custom:video-encoder-webm-vp8: eb34c28f22e8b96e1ab97ce403110664 -> 
  custom:video-decoder-webm-vp8: 9c59270c3fd7afecdb556c50c9e8de78 -> 
  custom:audio-decoder-ogg-vorbis: bf7c407c2cedff20999df2af8eb42d56 -> 
  custom:audio-encoder-webm-vorbis: bf7c407c2cedff20999df2af8eb42d56 -> 
========================================================================
Received Import Request.
  Time since last request: 144.688642 seconds.
  path: Assets/Scripts/CharacterBase/Character.cs
  artifactKey: Guid(4a314123eb802c042bc16d1eead2395b) Importer(815301076,1909f56bfc062723c751e8b465ee728b)
Start importing Assets/Scripts/CharacterBase/Character.cs using Guid(4a314123eb802c042bc16d1eead2395b) Importer(815301076,1909f56bfc062723c751e8b465ee728b)  -> (artifact id: '4bc88ef2ab12ecdf76f704a93e18d8cd') in 0.004049 seconds 
  Import took 0.006724 seconds .

========================================================================
Received Import Request.
  Time since last request: 102.027771 seconds.
  path: Assets/Scripts/Player
  artifactKey: Guid(da8c545d805f5d747b3855a38e644533) Importer(815301076,1909f56bfc062723c751e8b465ee728b)
Start importing Assets/Scripts/Player using Guid(da8c545d805f5d747b3855a38e644533) Importer(815301076,1909f56bfc062723c751e8b465ee728b)  -> (artifact id: 'ecfd59830994b05037cd8fa96c0f29d5') in 0.002040 seconds 
  Import took 0.005325 seconds .

========================================================================
Received Import Request.
  Time since last request: 5.610605 seconds.
  path: Assets/Scripts/Player/Player.cs
  artifactKey: Guid(a3ad989de44e2de4f83d616750d4b0d9) Importer(815301076,1909f56bfc062723c751e8b465ee728b)
Start importing Assets/Scripts/Player/Player.cs using Guid(a3ad989de44e2de4f83d616750d4b0d9) Importer(815301076,1909f56bfc062723c751e8b465ee728b)  -> (artifact id: '6cf1d41fa15bf4b62df01f9f99199a8c') in 0.001983 seconds 
  Import took 0.005564 seconds .

========================================================================
Received Import Request.
  Time since last request: 0.001139 seconds.
  path: Assets/Scripts/Player/Player.cs
  artifactKey: Guid(a3ad989de44e2de4f83d616750d4b0d9) Importer(815301076,1909f56bfc062723c751e8b465ee728b)
Start importing Assets/Scripts/Player/Player.cs using Guid(a3ad989de44e2de4f83d616750d4b0d9) Importer(815301076,1909f56bfc062723c751e8b465ee728b)  -> (artifact id: '6cf1d41fa15bf4b62df01f9f99199a8c') in 0.001864 seconds 
  Import took 0.005095 seconds .

========================================================================
Received Prepare
Registering precompiled user dll's ...
Registered in 0.002830 seconds.
Begin MonoManager ReloadAssembly
Native extension for WindowsStandalone target not found
Refreshing native plugins compatible for Editor in 0.43 ms, found 3 plugins.
Preloading 0 native plugins for Editor in 0.00 ms.
Mono: successfully reloaded assembly
- Completed reload, in  0.876 seconds
Domain Reload Profiling:
	ReloadAssembly (876ms)
		BeginReloadAssembly (99ms)
			ExecutionOrderSort (0ms)
			DisableScriptedObjects (5ms)
			BackupInstance (0ms)
			ReleaseScriptingObjects (0ms)
			CreateAndSetChildDomain (29ms)
		EndReloadAssembly (727ms)
			LoadAssemblies (71ms)
			RebuildTransferFunctionScriptingTraits (0ms)
			SetupTypeCache (247ms)
			ReleaseScriptCaches (1ms)
			RebuildScriptCaches (36ms)
			SetupLoadedEditorAssemblies (287ms)
				LogAssemblyErrors (0ms)
				InitializePlatformSupportModulesInManaged (4ms)
				SetLoadedEditorAssemblies (0ms)
				RefreshPlugins (0ms)
				BeforeProcessingInitializeOnLoad (47ms)
				ProcessInitializeOnLoadAttributes (225ms)
				ProcessInitializeOnLoadMethodAttributes (5ms)
				AfterProcessingInitializeOnLoad (4ms)
				EditorAssembliesLoaded (0ms)
			ExecutionOrderSort2 (0ms)
			AwakeInstancesAfterBackupRestoration (9ms)
Platform modules already initialized, skipping
Refreshing native plugins compatible for Editor in 0.45 ms, found 3 plugins.
Preloading 0 native plugins for Editor in 0.00 ms.
Unloading 2083 Unused Serialized files (Serialized files now loaded: 0)
System memory in use before: 95.6 MB.
System memory in use after: 95.7 MB.

Unloading 16 unused Assets to reduce memory usage. Loaded Objects now: 2560.
Total: 2.934600 ms (FindLiveObjects: 0.340200 ms CreateObjectMapping: 0.132700 ms MarkObjects: 2.445700 ms  DeleteObjects: 0.015100 ms)

AssetImportParameters requested are different than current active one (requested -> active):
  custom:framework-win-MediaFoundation: 216162199b28c13a410421893ffa2e32 -> 
  custom:video-decoder-ogg-theora: a1e56fd34408186e4bbccfd4996cb3dc -> 
  custom:container-muxer-webm: aa71ff27fc2769a1b78a27578f13a17b -> 
  custom:container-demuxer-webm: 4f35f7cbe854078d1ac9338744f61a02 -> 
  custom:container-demuxer-ogg: 62fdf1f143b41e24485cea50d1cbac27 -> 
  custom:video-encoder-webm-vp8: eb34c28f22e8b96e1ab97ce403110664 -> 
  custom:video-decoder-webm-vp8: 9c59270c3fd7afecdb556c50c9e8de78 -> 
  custom:audio-decoder-ogg-vorbis: bf7c407c2cedff20999df2af8eb42d56 -> 
  custom:audio-encoder-webm-vorbis: bf7c407c2cedff20999df2af8eb42d56 -> 
========================================================================
Received Prepare
Registering precompiled user dll's ...
Registered in 0.002697 seconds.
Begin MonoManager ReloadAssembly
Native extension for WindowsStandalone target not found
Refreshing native plugins compatible for Editor in 0.43 ms, found 3 plugins.
Preloading 0 native plugins for Editor in 0.00 ms.
Mono: successfully reloaded assembly
- Completed reload, in  0.859 seconds
Domain Reload Profiling:
	ReloadAssembly (859ms)
		BeginReloadAssembly (102ms)
			ExecutionOrderSort (0ms)
			DisableScriptedObjects (6ms)
			BackupInstance (0ms)
			ReleaseScriptingObjects (0ms)
			CreateAndSetChildDomain (31ms)
		EndReloadAssembly (707ms)
			LoadAssemblies (69ms)
			RebuildTransferFunctionScriptingTraits (0ms)
			SetupTypeCache (227ms)
			ReleaseScriptCaches (1ms)
			RebuildScriptCaches (35ms)
			SetupLoadedEditorAssemblies (292ms)
				LogAssemblyErrors (0ms)
				InitializePlatformSupportModulesInManaged (4ms)
				SetLoadedEditorAssemblies (0ms)
				RefreshPlugins (0ms)
				BeforeProcessingInitializeOnLoad (49ms)
				ProcessInitializeOnLoadAttributes (229ms)
				ProcessInitializeOnLoadMethodAttributes (5ms)
				AfterProcessingInitializeOnLoad (5ms)
				EditorAssembliesLoaded (0ms)
			ExecutionOrderSort2 (0ms)
			AwakeInstancesAfterBackupRestoration (9ms)
Platform modules already initialized, skipping
Refreshing native plugins compatible for Editor in 0.64 ms, found 3 plugins.
Preloading 0 native plugins for Editor in 0.00 ms.
Unloading 2082 Unused Serialized files (Serialized files now loaded: 0)
System memory in use before: 95.6 MB.
System memory in use after: 95.7 MB.

Unloading 17 unused Assets to reduce memory usage. Loaded Objects now: 2562.
Total: 2.483400 ms (FindLiveObjects: 0.191300 ms CreateObjectMapping: 0.074500 ms MarkObjects: 2.202000 ms  DeleteObjects: 0.014700 ms)

AssetImportParameters requested are different than current active one (requested -> active):
  custom:framework-win-MediaFoundation: 216162199b28c13a410421893ffa2e32 -> 
  custom:video-decoder-ogg-theora: a1e56fd34408186e4bbccfd4996cb3dc -> 
  custom:container-muxer-webm: aa71ff27fc2769a1b78a27578f13a17b -> 
  custom:container-demuxer-webm: 4f35f7cbe854078d1ac9338744f61a02 -> 
  custom:container-demuxer-ogg: 62fdf1f143b41e24485cea50d1cbac27 -> 
  custom:video-encoder-webm-vp8: eb34c28f22e8b96e1ab97ce403110664 -> 
  custom:video-decoder-webm-vp8: 9c59270c3fd7afecdb556c50c9e8de78 -> 
  custom:audio-decoder-ogg-vorbis: bf7c407c2cedff20999df2af8eb42d56 -> 
  custom:audio-encoder-webm-vorbis: bf7c407c2cedff20999df2af8eb42d56 -> 
========================================================================
Received Import Request.
  Time since last request: 24.085763 seconds.
  path: Assets/Scripts/Player/GameStatic
  artifactKey: Guid(9379a60423e81d747a44c03fa33f8ce5) Importer(815301076,1909f56bfc062723c751e8b465ee728b)
Start importing Assets/Scripts/Player/GameStatic using Guid(9379a60423e81d747a44c03fa33f8ce5) Importer(815301076,1909f56bfc062723c751e8b465ee728b)  -> (artifact id: '960cc73d6ca66dd967083cd6bd23f8be') in 0.010307 seconds 
  Import took 0.013626 seconds .

========================================================================
Received Import Request.
  Time since last request: 0.000950 seconds.
  path: Assets/Scripts/Player/GameStatic
  artifactKey: Guid(9379a60423e81d747a44c03fa33f8ce5) Importer(815301076,1909f56bfc062723c751e8b465ee728b)
Start importing Assets/Scripts/Player/GameStatic using Guid(9379a60423e81d747a44c03fa33f8ce5) Importer(815301076,1909f56bfc062723c751e8b465ee728b)  -> (artifact id: '960cc73d6ca66dd967083cd6bd23f8be') in 0.001788 seconds 
  Import took 0.004840 seconds .

========================================================================
Received Import Request.
  Time since last request: 2.699882 seconds.
  path: Assets/Scripts/Player/GameStatics
  artifactKey: Guid(9379a60423e81d747a44c03fa33f8ce5) Importer(815301076,1909f56bfc062723c751e8b465ee728b)
Start importing Assets/Scripts/Player/GameStatics using Guid(9379a60423e81d747a44c03fa33f8ce5) Importer(815301076,1909f56bfc062723c751e8b465ee728b)  -> (artifact id: '9d92b04755822901f7c79c6f50d723a1') in 0.006642 seconds 
  Import took 0.009790 seconds .

========================================================================
Received Import Request.
  Time since last request: 18.659229 seconds.
  path: Assets/Scripts/GameStatics
  artifactKey: Guid(c33dbe7d20d700e4cbde7c02cd603269) Importer(815301076,1909f56bfc062723c751e8b465ee728b)
Start importing Assets/Scripts/GameStatics using Guid(c33dbe7d20d700e4cbde7c02cd603269) Importer(815301076,1909f56bfc062723c751e8b465ee728b)  -> (artifact id: '0395d7f643c4257a1cca1ddc4e9c7cb8') in 0.002058 seconds 
  Import took 0.006043 seconds .

========================================================================
Received Import Request.
  Time since last request: 612.162833 seconds.
  path: Assets/Scripts/GameStatics/GameStatic.cs
  artifactKey: Guid(d19b83da00b114547b02e6d3fde87adc) Importer(815301076,1909f56bfc062723c751e8b465ee728b)
Start importing Assets/Scripts/GameStatics/GameStatic.cs using Guid(d19b83da00b114547b02e6d3fde87adc) Importer(815301076,1909f56bfc062723c751e8b465ee728b)  -> (artifact id: '4a6dbf0255eb2861bcd929b19cf5fa93') in 0.002658 seconds 
  Import took 0.007888 seconds .

========================================================================
Received Import Request.
  Time since last request: 0.000611 seconds.
  path: Assets/Scripts/GameStatics/GameStatic.cs
  artifactKey: Guid(d19b83da00b114547b02e6d3fde87adc) Importer(815301076,1909f56bfc062723c751e8b465ee728b)
Start importing Assets/Scripts/GameStatics/GameStatic.cs using Guid(d19b83da00b114547b02e6d3fde87adc) Importer(815301076,1909f56bfc062723c751e8b465ee728b)  -> (artifact id: '4a6dbf0255eb2861bcd929b19cf5fa93') in 0.002199 seconds 
  Import took 0.005375 seconds .

========================================================================
Received Prepare
Registering precompiled user dll's ...
Registered in 0.002833 seconds.
Begin MonoManager ReloadAssembly
Native extension for WindowsStandalone target not found
Refreshing native plugins compatible for Editor in 0.42 ms, found 3 plugins.
Preloading 0 native plugins for Editor in 0.00 ms.
Mono: successfully reloaded assembly
- Completed reload, in  0.850 seconds
Domain Reload Profiling:
	ReloadAssembly (850ms)
		BeginReloadAssembly (91ms)
			ExecutionOrderSort (0ms)
			DisableScriptedObjects (6ms)
			BackupInstance (0ms)
			ReleaseScriptingObjects (0ms)
			CreateAndSetChildDomain (31ms)
		EndReloadAssembly (707ms)
			LoadAssemblies (70ms)
			RebuildTransferFunctionScriptingTraits (0ms)
			SetupTypeCache (229ms)
			ReleaseScriptCaches (1ms)
			RebuildScriptCaches (35ms)
			SetupLoadedEditorAssemblies (288ms)
				LogAssemblyErrors (0ms)
				InitializePlatformSupportModulesInManaged (4ms)
				SetLoadedEditorAssemblies (0ms)
				RefreshPlugins (0ms)
				BeforeProcessingInitializeOnLoad (49ms)
				ProcessInitializeOnLoadAttributes (225ms)
				ProcessInitializeOnLoadMethodAttributes (5ms)
				AfterProcessingInitializeOnLoad (4ms)
				EditorAssembliesLoaded (0ms)
			ExecutionOrderSort2 (0ms)
			AwakeInstancesAfterBackupRestoration (9ms)
Platform modules already initialized, skipping
Refreshing native plugins compatible for Editor in 0.48 ms, found 3 plugins.
Preloading 0 native plugins for Editor in 0.00 ms.
Unloading 2083 Unused Serialized files (Serialized files now loaded: 0)
System memory in use before: 95.6 MB.
System memory in use after: 95.7 MB.

Unloading 16 unused Assets to reduce memory usage. Loaded Objects now: 2566.
Total: 4.117000 ms (FindLiveObjects: 0.229800 ms CreateObjectMapping: 0.091900 ms MarkObjects: 3.778900 ms  DeleteObjects: 0.015200 ms)

AssetImportParameters requested are different than current active one (requested -> active):
  custom:framework-win-MediaFoundation: 216162199b28c13a410421893ffa2e32 -> 
  custom:video-decoder-ogg-theora: a1e56fd34408186e4bbccfd4996cb3dc -> 
  custom:container-muxer-webm: aa71ff27fc2769a1b78a27578f13a17b -> 
  custom:container-demuxer-webm: 4f35f7cbe854078d1ac9338744f61a02 -> 
  custom:container-demuxer-ogg: 62fdf1f143b41e24485cea50d1cbac27 -> 
  custom:video-encoder-webm-vp8: eb34c28f22e8b96e1ab97ce403110664 -> 
  custom:video-decoder-webm-vp8: 9c59270c3fd7afecdb556c50c9e8de78 -> 
  custom:audio-decoder-ogg-vorbis: bf7c407c2cedff20999df2af8eb42d56 -> 
  custom:audio-encoder-webm-vorbis: bf7c407c2cedff20999df2af8eb42d56 -> 
========================================================================
Received Import Request.
  Time since last request: 4.279374 seconds.
  path: Assets/Scripts/GameStatics/GameStatics.cs
  artifactKey: Guid(d19b83da00b114547b02e6d3fde87adc) Importer(815301076,1909f56bfc062723c751e8b465ee728b)
Start importing Assets/Scripts/GameStatics/GameStatics.cs using Guid(d19b83da00b114547b02e6d3fde87adc) Importer(815301076,1909f56bfc062723c751e8b465ee728b)  -> (artifact id: '401fa03b7e184132f0e0ef91d37e21b4') in 0.004345 seconds 
  Import took 0.007375 seconds .

========================================================================
Received Import Request.
  Time since last request: 0.001384 seconds.
  path: Assets/Scripts/GameStatics/GameStatics.cs
  artifactKey: Guid(d19b83da00b114547b02e6d3fde87adc) Importer(815301076,1909f56bfc062723c751e8b465ee728b)
Start importing Assets/Scripts/GameStatics/GameStatics.cs using Guid(d19b83da00b114547b02e6d3fde87adc) Importer(815301076,1909f56bfc062723c751e8b465ee728b)  -> (artifact id: '401fa03b7e184132f0e0ef91d37e21b4') in 0.001636 seconds 
  Import took 0.004786 seconds .

========================================================================
Received Prepare
Registering precompiled user dll's ...
Registered in 0.002853 seconds.
Begin MonoManager ReloadAssembly
Native extension for WindowsStandalone target not found
Refreshing native plugins compatible for Editor in 0.46 ms, found 3 plugins.
Preloading 0 native plugins for Editor in 0.00 ms.
Mono: successfully reloaded assembly
- Completed reload, in  0.861 seconds
Domain Reload Profiling:
	ReloadAssembly (861ms)
		BeginReloadAssembly (105ms)
			ExecutionOrderSort (0ms)
			DisableScriptedObjects (6ms)
			BackupInstance (0ms)
			ReleaseScriptingObjects (0ms)
			CreateAndSetChildDomain (34ms)
		EndReloadAssembly (706ms)
			LoadAssemblies (71ms)
			RebuildTransferFunctionScriptingTraits (0ms)
			SetupTypeCache (226ms)
			ReleaseScriptCaches (1ms)
			RebuildScriptCaches (34ms)
			SetupLoadedEditorAssemblies (290ms)
				LogAssemblyErrors (0ms)
				InitializePlatformSupportModulesInManaged (4ms)
				SetLoadedEditorAssemblies (0ms)
				RefreshPlugins (1ms)
				BeforeProcessingInitializeOnLoad (48ms)
				ProcessInitializeOnLoadAttributes (228ms)
				ProcessInitializeOnLoadMethodAttributes (5ms)
				AfterProcessingInitializeOnLoad (5ms)
				EditorAssembliesLoaded (0ms)
			ExecutionOrderSort2 (0ms)
			AwakeInstancesAfterBackupRestoration (9ms)
Platform modules already initialized, skipping
Refreshing native plugins compatible for Editor in 0.55 ms, found 3 plugins.
Preloading 0 native plugins for Editor in 0.00 ms.
Unloading 2083 Unused Serialized files (Serialized files now loaded: 0)
System memory in use before: 95.6 MB.
System memory in use after: 95.7 MB.

Unloading 16 unused Assets to reduce memory usage. Loaded Objects now: 2569.
Total: 3.013300 ms (FindLiveObjects: 0.229200 ms CreateObjectMapping: 0.092100 ms MarkObjects: 2.662500 ms  DeleteObjects: 0.028400 ms)

AssetImportParameters requested are different than current active one (requested -> active):
  custom:framework-win-MediaFoundation: 216162199b28c13a410421893ffa2e32 -> 
  custom:video-decoder-ogg-theora: a1e56fd34408186e4bbccfd4996cb3dc -> 
  custom:container-muxer-webm: aa71ff27fc2769a1b78a27578f13a17b -> 
  custom:container-demuxer-webm: 4f35f7cbe854078d1ac9338744f61a02 -> 
  custom:container-demuxer-ogg: 62fdf1f143b41e24485cea50d1cbac27 -> 
  custom:video-encoder-webm-vp8: eb34c28f22e8b96e1ab97ce403110664 -> 
  custom:video-decoder-webm-vp8: 9c59270c3fd7afecdb556c50c9e8de78 -> 
  custom:audio-decoder-ogg-vorbis: bf7c407c2cedff20999df2af8eb42d56 -> 
  custom:audio-encoder-webm-vorbis: bf7c407c2cedff20999df2af8eb42d56 -> 
========================================================================
Received Import Request.
  Time since last request: 726.535613 seconds.
  path: Assets/Scripts/GameStatics/GameStatics.cs
  artifactKey: Guid(d19b83da00b114547b02e6d3fde87adc) Importer(815301076,1909f56bfc062723c751e8b465ee728b)
Start importing Assets/Scripts/GameStatics/GameStatics.cs using Guid(d19b83da00b114547b02e6d3fde87adc) Importer(815301076,1909f56bfc062723c751e8b465ee728b)  -> (artifact id: '4e246a3cc8c3601c2c92495e7533927f') in 0.005506 seconds 
  Import took 0.009328 seconds .

AssetImportWorkerClient::OnTransportError - code=2 error=End of file
